<Window formName="tk">
    <Label>Hello World!</Label>
</Window>