<Window formName = "My First TKML" layout="pack">
    <Menu>
        <MenuOption>Pink</MenuOption>
        <MenuOption>Blue</MenuOption>
        <MenuOption>Red</MenuOption>
        <Menu name="Dark">
            <MenuOption>Black</MenuOption>
            <MenuOption>Grey</MenuOption>
            <MenuOption>Dark Metal</MenuOption>
        </Menu>
    </Menu>
    <Label>Hello World!</Label>
    <Label imageSrc="C:\Users\lenovo\Pictures\Wallpapers\AbandonedVillageChina.jpg" compound="center" imageHeight="50" imageWidth="200" 
        fg="yellow" bg="black">
        Welcome Tkinter.XML!!
    </Label>
    <Button>Test btn</Button>
</Window>
